Determining if the pthread_create exist failed with the following output:
Change Dir: /home/avinash/catkin_ws/build/hrwros_support/CMakeFiles/CMakeTmp

Run Build Command:"/usr/bin/make" "cmTC_e6c7a/fast"
/usr/bin/make -f CMakeFiles/cmTC_e6c7a.dir/build.make CMakeFiles/cmTC_e6c7a.dir/build
make[1]: Entering directory '/home/avinash/catkin_ws/build/hrwros_support/CMakeFiles/CMakeTmp'
Building C object CMakeFiles/cmTC_e6c7a.dir/CheckSymbolExists.c.o
/usr/bin/cc    -o CMakeFiles/cmTC_e6c7a.dir/CheckSymbolExists.c.o   -c /home/avinash/catkin_ws/build/hrwros_support/CMakeFiles/CMakeTmp/CheckSymbolExists.c
Linking C executable cmTC_e6c7a
/usr/bin/cmake -E cmake_link_script CMakeFiles/cmTC_e6c7a.dir/link.txt --verbose=1
/usr/bin/cc      -rdynamic CMakeFiles/cmTC_e6c7a.dir/CheckSymbolExists.c.o  -o cmTC_e6c7a 
CMakeFiles/cmTC_e6c7a.dir/CheckSymbolExists.c.o: In function `main':
CheckSymbolExists.c:(.text+0x1b): undefined reference to `pthread_create'
collect2: error: ld returned 1 exit status
CMakeFiles/cmTC_e6c7a.dir/build.make:97: recipe for target 'cmTC_e6c7a' failed
make[1]: *** [cmTC_e6c7a] Error 1
make[1]: Leaving directory '/home/avinash/catkin_ws/build/hrwros_support/CMakeFiles/CMakeTmp'
Makefile:126: recipe for target 'cmTC_e6c7a/fast' failed
make: *** [cmTC_e6c7a/fast] Error 2

File /home/avinash/catkin_ws/build/hrwros_support/CMakeFiles/CMakeTmp/CheckSymbolExists.c:
/* */
#include <pthread.h>

int main(int argc, char** argv)
{
  (void)argv;
#ifndef pthread_create
  return ((int*)(&pthread_create))[argc];
#else
  (void)argc;
  return 0;
#endif
}

Determining if the function pthread_create exists in the pthreads failed with the following output:
Change Dir: /home/avinash/catkin_ws/build/hrwros_support/CMakeFiles/CMakeTmp

Run Build Command:"/usr/bin/make" "cmTC_79acc/fast"
/usr/bin/make -f CMakeFiles/cmTC_79acc.dir/build.make CMakeFiles/cmTC_79acc.dir/build
make[1]: Entering directory '/home/avinash/catkin_ws/build/hrwros_support/CMakeFiles/CMakeTmp'
Building C object CMakeFiles/cmTC_79acc.dir/CheckFunctionExists.c.o
/usr/bin/cc   -DCHECK_FUNCTION_EXISTS=pthread_create   -o CMakeFiles/cmTC_79acc.dir/CheckFunctionExists.c.o   -c /usr/share/cmake-3.10/Modules/CheckFunctionExists.c
Linking C executable cmTC_79acc
/usr/bin/cmake -E cmake_link_script CMakeFiles/cmTC_79acc.dir/link.txt --verbose=1
/usr/bin/cc  -DCHECK_FUNCTION_EXISTS=pthread_create    -rdynamic CMakeFiles/cmTC_79acc.dir/CheckFunctionExists.c.o  -o cmTC_79acc -lpthreads 
/usr/bin/ld: cannot find -lpthreads
collect2: error: ld returned 1 exit status
CMakeFiles/cmTC_79acc.dir/build.make:97: recipe for target 'cmTC_79acc' failed
make[1]: *** [cmTC_79acc] Error 1
make[1]: Leaving directory '/home/avinash/catkin_ws/build/hrwros_support/CMakeFiles/CMakeTmp'
Makefile:126: recipe for target 'cmTC_79acc/fast' failed
make: *** [cmTC_79acc/fast] Error 2


