[  0%] Built target std_msgs_generate_messages_cpp
[  0%] Built target geometry_msgs_generate_messages_cpp
[  0%] Built target _gazebo_conveyor_generate_messages_check_deps_ConveyorBeltControl
[  0%] Built target geometry_msgs_generate_messages_py
[  5%] Built target std_msgs_generate_messages_py
[ 11%] Built target ConveyorBeltPlugin
[ 11%] Built target _gazebo_conveyor_generate_messages_check_deps_ConveyorBeltState
[ 11%] Built target std_msgs_generate_messages_nodejs
[ 11%] Built target geometry_msgs_generate_messages_nodejs
[ 11%] Built target geometry_msgs_generate_messages_lisp
[ 11%] Built target std_msgs_generate_messages_eus
[ 11%] Built target std_msgs_generate_messages_lisp
[ 11%] Built target geometry_msgs_generate_messages_eus
[ 35%] Built target gazebo_conveyor_generate_messages_py
[ 47%] Built target gazebo_conveyor_generate_messages_cpp
[ 58%] Built target gazebo_conveyor_generate_messages_nodejs
[ 76%] Built target gazebo_conveyor_generate_messages_eus
[ 88%] Built target gazebo_conveyor_generate_messages_lisp
[ 88%] Built target gazebo_conveyor_generate_messages
[100%] Built target ROSConveyorBeltPlugin
