Determining if the pthread_create exist failed with the following output:
Change Dir: /home/avinash/catkin_ws/build/catkin_tools_prebuild/CMakeFiles/CMakeTmp

Run Build Command:"/usr/bin/make" "cmTC_2b64a/fast"
/usr/bin/make -f CMakeFiles/cmTC_2b64a.dir/build.make CMakeFiles/cmTC_2b64a.dir/build
make[1]: Entering directory '/home/avinash/catkin_ws/build/catkin_tools_prebuild/CMakeFiles/CMakeTmp'
Building C object CMakeFiles/cmTC_2b64a.dir/CheckSymbolExists.c.o
/usr/bin/cc    -o CMakeFiles/cmTC_2b64a.dir/CheckSymbolExists.c.o   -c /home/avinash/catkin_ws/build/catkin_tools_prebuild/CMakeFiles/CMakeTmp/CheckSymbolExists.c
Linking C executable cmTC_2b64a
/usr/bin/cmake -E cmake_link_script CMakeFiles/cmTC_2b64a.dir/link.txt --verbose=1
/usr/bin/cc      -rdynamic CMakeFiles/cmTC_2b64a.dir/CheckSymbolExists.c.o  -o cmTC_2b64a 
CMakeFiles/cmTC_2b64a.dir/CheckSymbolExists.c.o: In function `main':
CheckSymbolExists.c:(.text+0x1b): undefined reference to `pthread_create'
collect2: error: ld returned 1 exit status
CMakeFiles/cmTC_2b64a.dir/build.make:97: recipe for target 'cmTC_2b64a' failed
make[1]: *** [cmTC_2b64a] Error 1
make[1]: Leaving directory '/home/avinash/catkin_ws/build/catkin_tools_prebuild/CMakeFiles/CMakeTmp'
Makefile:126: recipe for target 'cmTC_2b64a/fast' failed
make: *** [cmTC_2b64a/fast] Error 2

File /home/avinash/catkin_ws/build/catkin_tools_prebuild/CMakeFiles/CMakeTmp/CheckSymbolExists.c:
/* */
#include <pthread.h>

int main(int argc, char** argv)
{
  (void)argv;
#ifndef pthread_create
  return ((int*)(&pthread_create))[argc];
#else
  (void)argc;
  return 0;
#endif
}

Determining if the function pthread_create exists in the pthreads failed with the following output:
Change Dir: /home/avinash/catkin_ws/build/catkin_tools_prebuild/CMakeFiles/CMakeTmp

Run Build Command:"/usr/bin/make" "cmTC_3251c/fast"
/usr/bin/make -f CMakeFiles/cmTC_3251c.dir/build.make CMakeFiles/cmTC_3251c.dir/build
make[1]: Entering directory '/home/avinash/catkin_ws/build/catkin_tools_prebuild/CMakeFiles/CMakeTmp'
Building C object CMakeFiles/cmTC_3251c.dir/CheckFunctionExists.c.o
/usr/bin/cc   -DCHECK_FUNCTION_EXISTS=pthread_create   -o CMakeFiles/cmTC_3251c.dir/CheckFunctionExists.c.o   -c /usr/share/cmake-3.10/Modules/CheckFunctionExists.c
Linking C executable cmTC_3251c
/usr/bin/cmake -E cmake_link_script CMakeFiles/cmTC_3251c.dir/link.txt --verbose=1
/usr/bin/cc  -DCHECK_FUNCTION_EXISTS=pthread_create    -rdynamic CMakeFiles/cmTC_3251c.dir/CheckFunctionExists.c.o  -o cmTC_3251c -lpthreads 
/usr/bin/ld: cannot find -lpthreads
collect2: error: ld returned 1 exit status
CMakeFiles/cmTC_3251c.dir/build.make:97: recipe for target 'cmTC_3251c' failed
make[1]: *** [cmTC_3251c] Error 1
make[1]: Leaving directory '/home/avinash/catkin_ws/build/catkin_tools_prebuild/CMakeFiles/CMakeTmp'
Makefile:126: recipe for target 'cmTC_3251c/fast' failed
make: *** [cmTC_3251c/fast] Error 2


