Symlinking /home/avinash/catkin_ws/devel/lib/pkgconfig/pkg_ros_actions.pc
Symlinking /home/avinash/catkin_ws/devel/lib/python2.7/dist-packages/pkg_ros_actions/__init__.py
Symlinking /home/avinash/catkin_ws/devel/lib/python2.7/dist-packages/pkg_ros_actions/msg/_msgTurtleGoal.py
Symlinking /home/avinash/catkin_ws/devel/lib/python2.7/dist-packages/pkg_ros_actions/msg/_msgTurtleActionFeedback.py
Symlinking /home/avinash/catkin_ws/devel/lib/python2.7/dist-packages/pkg_ros_actions/msg/_msgTurtleActionResult.py
Symlinking /home/avinash/catkin_ws/devel/lib/python2.7/dist-packages/pkg_ros_actions/msg/_msgTurtleFeedback.py
Symlinking /home/avinash/catkin_ws/devel/lib/python2.7/dist-packages/pkg_ros_actions/msg/_msgTurtleAction.py
Symlinking /home/avinash/catkin_ws/devel/lib/python2.7/dist-packages/pkg_ros_actions/msg/__init__.py
Symlinking /home/avinash/catkin_ws/devel/lib/python2.7/dist-packages/pkg_ros_actions/msg/_msgTurtleResult.py
Symlinking /home/avinash/catkin_ws/devel/lib/python2.7/dist-packages/pkg_ros_actions/msg/_msgTurtleActionGoal.py
Symlinking /home/avinash/catkin_ws/devel/include/pkg_ros_actions/msgTurtleActionFeedback.h
Symlinking /home/avinash/catkin_ws/devel/include/pkg_ros_actions/msgTurtleAction.h
Symlinking /home/avinash/catkin_ws/devel/include/pkg_ros_actions/msgTurtleActionResult.h
Symlinking /home/avinash/catkin_ws/devel/include/pkg_ros_actions/msgTurtleResult.h
Symlinking /home/avinash/catkin_ws/devel/include/pkg_ros_actions/msgTurtleGoal.h
Symlinking /home/avinash/catkin_ws/devel/include/pkg_ros_actions/msgTurtleActionGoal.h
Symlinking /home/avinash/catkin_ws/devel/include/pkg_ros_actions/msgTurtleFeedback.h
Symlinking /home/avinash/catkin_ws/devel/share/gennodejs/ros/pkg_ros_actions/_index.js
Symlinking /home/avinash/catkin_ws/devel/share/gennodejs/ros/pkg_ros_actions/msg/msgTurtleFeedback.js
Symlinking /home/avinash/catkin_ws/devel/share/gennodejs/ros/pkg_ros_actions/msg/msgTurtleActionResult.js
Symlinking /home/avinash/catkin_ws/devel/share/gennodejs/ros/pkg_ros_actions/msg/msgTurtleResult.js
Symlinking /home/avinash/catkin_ws/devel/share/gennodejs/ros/pkg_ros_actions/msg/msgTurtleActionFeedback.js
Symlinking /home/avinash/catkin_ws/devel/share/gennodejs/ros/pkg_ros_actions/msg/_index.js
Symlinking /home/avinash/catkin_ws/devel/share/gennodejs/ros/pkg_ros_actions/msg/msgTurtleGoal.js
Symlinking /home/avinash/catkin_ws/devel/share/gennodejs/ros/pkg_ros_actions/msg/msgTurtleAction.js
Symlinking /home/avinash/catkin_ws/devel/share/gennodejs/ros/pkg_ros_actions/msg/msgTurtleActionGoal.js
Symlinking /home/avinash/catkin_ws/devel/share/roseus/ros/pkg_ros_actions/manifest.l
Symlinking /home/avinash/catkin_ws/devel/share/roseus/ros/pkg_ros_actions/msg/msgTurtleActionResult.l
Symlinking /home/avinash/catkin_ws/devel/share/roseus/ros/pkg_ros_actions/msg/msgTurtleResult.l
Symlinking /home/avinash/catkin_ws/devel/share/roseus/ros/pkg_ros_actions/msg/msgTurtleAction.l
Symlinking /home/avinash/catkin_ws/devel/share/roseus/ros/pkg_ros_actions/msg/msgTurtleActionFeedback.l
Symlinking /home/avinash/catkin_ws/devel/share/roseus/ros/pkg_ros_actions/msg/msgTurtleGoal.l
Symlinking /home/avinash/catkin_ws/devel/share/roseus/ros/pkg_ros_actions/msg/msgTurtleFeedback.l
Symlinking /home/avinash/catkin_ws/devel/share/roseus/ros/pkg_ros_actions/msg/msgTurtleActionGoal.l
Symlinking /home/avinash/catkin_ws/devel/share/common-lisp/ros/pkg_ros_actions/msg/_package_msgTurtleActionFeedback.lisp
Symlinking /home/avinash/catkin_ws/devel/share/common-lisp/ros/pkg_ros_actions/msg/msgTurtleActionFeedback.lisp
Symlinking /home/avinash/catkin_ws/devel/share/common-lisp/ros/pkg_ros_actions/msg/msgTurtleResult.lisp
Symlinking /home/avinash/catkin_ws/devel/share/common-lisp/ros/pkg_ros_actions/msg/_package_msgTurtleResult.lisp
Symlinking /home/avinash/catkin_ws/devel/share/common-lisp/ros/pkg_ros_actions/msg/_package_msgTurtleActionGoal.lisp
Symlinking /home/avinash/catkin_ws/devel/share/common-lisp/ros/pkg_ros_actions/msg/msgTurtleAction.lisp
Symlinking /home/avinash/catkin_ws/devel/share/common-lisp/ros/pkg_ros_actions/msg/msgTurtleActionGoal.lisp
Symlinking /home/avinash/catkin_ws/devel/share/common-lisp/ros/pkg_ros_actions/msg/_package_msgTurtleFeedback.lisp
Symlinking /home/avinash/catkin_ws/devel/share/common-lisp/ros/pkg_ros_actions/msg/_package_msgTurtleActionResult.lisp
Symlinking /home/avinash/catkin_ws/devel/share/common-lisp/ros/pkg_ros_actions/msg/msgTurtleGoal.lisp
Symlinking /home/avinash/catkin_ws/devel/share/common-lisp/ros/pkg_ros_actions/msg/msgTurtleActionResult.lisp
Symlinking /home/avinash/catkin_ws/devel/share/common-lisp/ros/pkg_ros_actions/msg/pkg_ros_actions-msg.asd
Symlinking /home/avinash/catkin_ws/devel/share/common-lisp/ros/pkg_ros_actions/msg/_package.lisp
Symlinking /home/avinash/catkin_ws/devel/share/common-lisp/ros/pkg_ros_actions/msg/_package_msgTurtleGoal.lisp
Symlinking /home/avinash/catkin_ws/devel/share/common-lisp/ros/pkg_ros_actions/msg/msgTurtleFeedback.lisp
Symlinking /home/avinash/catkin_ws/devel/share/common-lisp/ros/pkg_ros_actions/msg/_package_msgTurtleAction.lisp
Symlinking /home/avinash/catkin_ws/devel/share/pkg_ros_actions/msg/msgTurtleActionFeedback.msg
Symlinking /home/avinash/catkin_ws/devel/share/pkg_ros_actions/msg/msgTurtleAction.msg
Symlinking /home/avinash/catkin_ws/devel/share/pkg_ros_actions/msg/msgTurtleGoal.msg
Symlinking /home/avinash/catkin_ws/devel/share/pkg_ros_actions/msg/msgTurtleActionResult.msg
Symlinking /home/avinash/catkin_ws/devel/share/pkg_ros_actions/msg/msgTurtleFeedback.msg
Symlinking /home/avinash/catkin_ws/devel/share/pkg_ros_actions/msg/msgTurtleResult.msg
Symlinking /home/avinash/catkin_ws/devel/share/pkg_ros_actions/msg/msgTurtleActionGoal.msg
Symlinking /home/avinash/catkin_ws/devel/share/pkg_ros_actions/cmake/pkg_ros_actions-msg-extras.cmake
Symlinking /home/avinash/catkin_ws/devel/share/pkg_ros_actions/cmake/pkg_ros_actionsConfig.cmake
Symlinking /home/avinash/catkin_ws/devel/share/pkg_ros_actions/cmake/pkg_ros_actionsConfig-version.cmake
Symlinking /home/avinash/catkin_ws/devel/share/pkg_ros_actions/cmake/pkg_ros_actions-msg-paths.cmake
