Linked: (/home/avinash/catkin_ws/devel/.private/pkg_ros_actions/lib/pkgconfig/pkg_ros_actions.pc, /home/avinash/catkin_ws/devel/lib/pkgconfig/pkg_ros_actions.pc)
Linked: (/home/avinash/catkin_ws/devel/.private/pkg_ros_actions/lib/python2.7/dist-packages/pkg_ros_actions/__init__.py, /home/avinash/catkin_ws/devel/lib/python2.7/dist-packages/pkg_ros_actions/__init__.py)
Linked: (/home/avinash/catkin_ws/devel/.private/pkg_ros_actions/lib/python2.7/dist-packages/pkg_ros_actions/msg/_msgTurtleGoal.py, /home/avinash/catkin_ws/devel/lib/python2.7/dist-packages/pkg_ros_actions/msg/_msgTurtleGoal.py)
Linked: (/home/avinash/catkin_ws/devel/.private/pkg_ros_actions/lib/python2.7/dist-packages/pkg_ros_actions/msg/_msgTurtleActionFeedback.py, /home/avinash/catkin_ws/devel/lib/python2.7/dist-packages/pkg_ros_actions/msg/_msgTurtleActionFeedback.py)
Linked: (/home/avinash/catkin_ws/devel/.private/pkg_ros_actions/lib/python2.7/dist-packages/pkg_ros_actions/msg/_msgTurtleActionResult.py, /home/avinash/catkin_ws/devel/lib/python2.7/dist-packages/pkg_ros_actions/msg/_msgTurtleActionResult.py)
Linked: (/home/avinash/catkin_ws/devel/.private/pkg_ros_actions/lib/python2.7/dist-packages/pkg_ros_actions/msg/_msgTurtleFeedback.py, /home/avinash/catkin_ws/devel/lib/python2.7/dist-packages/pkg_ros_actions/msg/_msgTurtleFeedback.py)
Linked: (/home/avinash/catkin_ws/devel/.private/pkg_ros_actions/lib/python2.7/dist-packages/pkg_ros_actions/msg/_msgTurtleAction.py, /home/avinash/catkin_ws/devel/lib/python2.7/dist-packages/pkg_ros_actions/msg/_msgTurtleAction.py)
Linked: (/home/avinash/catkin_ws/devel/.private/pkg_ros_actions/lib/python2.7/dist-packages/pkg_ros_actions/msg/__init__.py, /home/avinash/catkin_ws/devel/lib/python2.7/dist-packages/pkg_ros_actions/msg/__init__.py)
Linked: (/home/avinash/catkin_ws/devel/.private/pkg_ros_actions/lib/python2.7/dist-packages/pkg_ros_actions/msg/_msgTurtleResult.py, /home/avinash/catkin_ws/devel/lib/python2.7/dist-packages/pkg_ros_actions/msg/_msgTurtleResult.py)
Linked: (/home/avinash/catkin_ws/devel/.private/pkg_ros_actions/lib/python2.7/dist-packages/pkg_ros_actions/msg/_msgTurtleActionGoal.py, /home/avinash/catkin_ws/devel/lib/python2.7/dist-packages/pkg_ros_actions/msg/_msgTurtleActionGoal.py)
Linked: (/home/avinash/catkin_ws/devel/.private/pkg_ros_actions/include/pkg_ros_actions/msgTurtleActionFeedback.h, /home/avinash/catkin_ws/devel/include/pkg_ros_actions/msgTurtleActionFeedback.h)
Linked: (/home/avinash/catkin_ws/devel/.private/pkg_ros_actions/include/pkg_ros_actions/msgTurtleAction.h, /home/avinash/catkin_ws/devel/include/pkg_ros_actions/msgTurtleAction.h)
Linked: (/home/avinash/catkin_ws/devel/.private/pkg_ros_actions/include/pkg_ros_actions/msgTurtleActionResult.h, /home/avinash/catkin_ws/devel/include/pkg_ros_actions/msgTurtleActionResult.h)
Linked: (/home/avinash/catkin_ws/devel/.private/pkg_ros_actions/include/pkg_ros_actions/msgTurtleResult.h, /home/avinash/catkin_ws/devel/include/pkg_ros_actions/msgTurtleResult.h)
Linked: (/home/avinash/catkin_ws/devel/.private/pkg_ros_actions/include/pkg_ros_actions/msgTurtleGoal.h, /home/avinash/catkin_ws/devel/include/pkg_ros_actions/msgTurtleGoal.h)
Linked: (/home/avinash/catkin_ws/devel/.private/pkg_ros_actions/include/pkg_ros_actions/msgTurtleActionGoal.h, /home/avinash/catkin_ws/devel/include/pkg_ros_actions/msgTurtleActionGoal.h)
Linked: (/home/avinash/catkin_ws/devel/.private/pkg_ros_actions/include/pkg_ros_actions/msgTurtleFeedback.h, /home/avinash/catkin_ws/devel/include/pkg_ros_actions/msgTurtleFeedback.h)
Linked: (/home/avinash/catkin_ws/devel/.private/pkg_ros_actions/share/gennodejs/ros/pkg_ros_actions/_index.js, /home/avinash/catkin_ws/devel/share/gennodejs/ros/pkg_ros_actions/_index.js)
Linked: (/home/avinash/catkin_ws/devel/.private/pkg_ros_actions/share/gennodejs/ros/pkg_ros_actions/msg/msgTurtleFeedback.js, /home/avinash/catkin_ws/devel/share/gennodejs/ros/pkg_ros_actions/msg/msgTurtleFeedback.js)
Linked: (/home/avinash/catkin_ws/devel/.private/pkg_ros_actions/share/gennodejs/ros/pkg_ros_actions/msg/msgTurtleActionResult.js, /home/avinash/catkin_ws/devel/share/gennodejs/ros/pkg_ros_actions/msg/msgTurtleActionResult.js)
Linked: (/home/avinash/catkin_ws/devel/.private/pkg_ros_actions/share/gennodejs/ros/pkg_ros_actions/msg/msgTurtleResult.js, /home/avinash/catkin_ws/devel/share/gennodejs/ros/pkg_ros_actions/msg/msgTurtleResult.js)
Linked: (/home/avinash/catkin_ws/devel/.private/pkg_ros_actions/share/gennodejs/ros/pkg_ros_actions/msg/msgTurtleActionFeedback.js, /home/avinash/catkin_ws/devel/share/gennodejs/ros/pkg_ros_actions/msg/msgTurtleActionFeedback.js)
Linked: (/home/avinash/catkin_ws/devel/.private/pkg_ros_actions/share/gennodejs/ros/pkg_ros_actions/msg/_index.js, /home/avinash/catkin_ws/devel/share/gennodejs/ros/pkg_ros_actions/msg/_index.js)
Linked: (/home/avinash/catkin_ws/devel/.private/pkg_ros_actions/share/gennodejs/ros/pkg_ros_actions/msg/msgTurtleGoal.js, /home/avinash/catkin_ws/devel/share/gennodejs/ros/pkg_ros_actions/msg/msgTurtleGoal.js)
Linked: (/home/avinash/catkin_ws/devel/.private/pkg_ros_actions/share/gennodejs/ros/pkg_ros_actions/msg/msgTurtleAction.js, /home/avinash/catkin_ws/devel/share/gennodejs/ros/pkg_ros_actions/msg/msgTurtleAction.js)
Linked: (/home/avinash/catkin_ws/devel/.private/pkg_ros_actions/share/gennodejs/ros/pkg_ros_actions/msg/msgTurtleActionGoal.js, /home/avinash/catkin_ws/devel/share/gennodejs/ros/pkg_ros_actions/msg/msgTurtleActionGoal.js)
Linked: (/home/avinash/catkin_ws/devel/.private/pkg_ros_actions/share/roseus/ros/pkg_ros_actions/manifest.l, /home/avinash/catkin_ws/devel/share/roseus/ros/pkg_ros_actions/manifest.l)
Linked: (/home/avinash/catkin_ws/devel/.private/pkg_ros_actions/share/roseus/ros/pkg_ros_actions/msg/msgTurtleActionResult.l, /home/avinash/catkin_ws/devel/share/roseus/ros/pkg_ros_actions/msg/msgTurtleActionResult.l)
Linked: (/home/avinash/catkin_ws/devel/.private/pkg_ros_actions/share/roseus/ros/pkg_ros_actions/msg/msgTurtleResult.l, /home/avinash/catkin_ws/devel/share/roseus/ros/pkg_ros_actions/msg/msgTurtleResult.l)
Linked: (/home/avinash/catkin_ws/devel/.private/pkg_ros_actions/share/roseus/ros/pkg_ros_actions/msg/msgTurtleAction.l, /home/avinash/catkin_ws/devel/share/roseus/ros/pkg_ros_actions/msg/msgTurtleAction.l)
Linked: (/home/avinash/catkin_ws/devel/.private/pkg_ros_actions/share/roseus/ros/pkg_ros_actions/msg/msgTurtleActionFeedback.l, /home/avinash/catkin_ws/devel/share/roseus/ros/pkg_ros_actions/msg/msgTurtleActionFeedback.l)
Linked: (/home/avinash/catkin_ws/devel/.private/pkg_ros_actions/share/roseus/ros/pkg_ros_actions/msg/msgTurtleGoal.l, /home/avinash/catkin_ws/devel/share/roseus/ros/pkg_ros_actions/msg/msgTurtleGoal.l)
Linked: (/home/avinash/catkin_ws/devel/.private/pkg_ros_actions/share/roseus/ros/pkg_ros_actions/msg/msgTurtleFeedback.l, /home/avinash/catkin_ws/devel/share/roseus/ros/pkg_ros_actions/msg/msgTurtleFeedback.l)
Linked: (/home/avinash/catkin_ws/devel/.private/pkg_ros_actions/share/roseus/ros/pkg_ros_actions/msg/msgTurtleActionGoal.l, /home/avinash/catkin_ws/devel/share/roseus/ros/pkg_ros_actions/msg/msgTurtleActionGoal.l)
Linked: (/home/avinash/catkin_ws/devel/.private/pkg_ros_actions/share/common-lisp/ros/pkg_ros_actions/msg/_package_msgTurtleActionFeedback.lisp, /home/avinash/catkin_ws/devel/share/common-lisp/ros/pkg_ros_actions/msg/_package_msgTurtleActionFeedback.lisp)
Linked: (/home/avinash/catkin_ws/devel/.private/pkg_ros_actions/share/common-lisp/ros/pkg_ros_actions/msg/msgTurtleActionFeedback.lisp, /home/avinash/catkin_ws/devel/share/common-lisp/ros/pkg_ros_actions/msg/msgTurtleActionFeedback.lisp)
Linked: (/home/avinash/catkin_ws/devel/.private/pkg_ros_actions/share/common-lisp/ros/pkg_ros_actions/msg/msgTurtleResult.lisp, /home/avinash/catkin_ws/devel/share/common-lisp/ros/pkg_ros_actions/msg/msgTurtleResult.lisp)
Linked: (/home/avinash/catkin_ws/devel/.private/pkg_ros_actions/share/common-lisp/ros/pkg_ros_actions/msg/_package_msgTurtleResult.lisp, /home/avinash/catkin_ws/devel/share/common-lisp/ros/pkg_ros_actions/msg/_package_msgTurtleResult.lisp)
Linked: (/home/avinash/catkin_ws/devel/.private/pkg_ros_actions/share/common-lisp/ros/pkg_ros_actions/msg/_package_msgTurtleActionGoal.lisp, /home/avinash/catkin_ws/devel/share/common-lisp/ros/pkg_ros_actions/msg/_package_msgTurtleActionGoal.lisp)
Linked: (/home/avinash/catkin_ws/devel/.private/pkg_ros_actions/share/common-lisp/ros/pkg_ros_actions/msg/msgTurtleAction.lisp, /home/avinash/catkin_ws/devel/share/common-lisp/ros/pkg_ros_actions/msg/msgTurtleAction.lisp)
Linked: (/home/avinash/catkin_ws/devel/.private/pkg_ros_actions/share/common-lisp/ros/pkg_ros_actions/msg/msgTurtleActionGoal.lisp, /home/avinash/catkin_ws/devel/share/common-lisp/ros/pkg_ros_actions/msg/msgTurtleActionGoal.lisp)
Linked: (/home/avinash/catkin_ws/devel/.private/pkg_ros_actions/share/common-lisp/ros/pkg_ros_actions/msg/_package_msgTurtleFeedback.lisp, /home/avinash/catkin_ws/devel/share/common-lisp/ros/pkg_ros_actions/msg/_package_msgTurtleFeedback.lisp)
Linked: (/home/avinash/catkin_ws/devel/.private/pkg_ros_actions/share/common-lisp/ros/pkg_ros_actions/msg/_package_msgTurtleActionResult.lisp, /home/avinash/catkin_ws/devel/share/common-lisp/ros/pkg_ros_actions/msg/_package_msgTurtleActionResult.lisp)
Linked: (/home/avinash/catkin_ws/devel/.private/pkg_ros_actions/share/common-lisp/ros/pkg_ros_actions/msg/msgTurtleGoal.lisp, /home/avinash/catkin_ws/devel/share/common-lisp/ros/pkg_ros_actions/msg/msgTurtleGoal.lisp)
Linked: (/home/avinash/catkin_ws/devel/.private/pkg_ros_actions/share/common-lisp/ros/pkg_ros_actions/msg/msgTurtleActionResult.lisp, /home/avinash/catkin_ws/devel/share/common-lisp/ros/pkg_ros_actions/msg/msgTurtleActionResult.lisp)
Linked: (/home/avinash/catkin_ws/devel/.private/pkg_ros_actions/share/common-lisp/ros/pkg_ros_actions/msg/pkg_ros_actions-msg.asd, /home/avinash/catkin_ws/devel/share/common-lisp/ros/pkg_ros_actions/msg/pkg_ros_actions-msg.asd)
Linked: (/home/avinash/catkin_ws/devel/.private/pkg_ros_actions/share/common-lisp/ros/pkg_ros_actions/msg/_package.lisp, /home/avinash/catkin_ws/devel/share/common-lisp/ros/pkg_ros_actions/msg/_package.lisp)
Linked: (/home/avinash/catkin_ws/devel/.private/pkg_ros_actions/share/common-lisp/ros/pkg_ros_actions/msg/_package_msgTurtleGoal.lisp, /home/avinash/catkin_ws/devel/share/common-lisp/ros/pkg_ros_actions/msg/_package_msgTurtleGoal.lisp)
Linked: (/home/avinash/catkin_ws/devel/.private/pkg_ros_actions/share/common-lisp/ros/pkg_ros_actions/msg/msgTurtleFeedback.lisp, /home/avinash/catkin_ws/devel/share/common-lisp/ros/pkg_ros_actions/msg/msgTurtleFeedback.lisp)
Linked: (/home/avinash/catkin_ws/devel/.private/pkg_ros_actions/share/common-lisp/ros/pkg_ros_actions/msg/_package_msgTurtleAction.lisp, /home/avinash/catkin_ws/devel/share/common-lisp/ros/pkg_ros_actions/msg/_package_msgTurtleAction.lisp)
Linked: (/home/avinash/catkin_ws/devel/.private/pkg_ros_actions/share/pkg_ros_actions/msg/msgTurtleActionFeedback.msg, /home/avinash/catkin_ws/devel/share/pkg_ros_actions/msg/msgTurtleActionFeedback.msg)
Linked: (/home/avinash/catkin_ws/devel/.private/pkg_ros_actions/share/pkg_ros_actions/msg/msgTurtleAction.msg, /home/avinash/catkin_ws/devel/share/pkg_ros_actions/msg/msgTurtleAction.msg)
Linked: (/home/avinash/catkin_ws/devel/.private/pkg_ros_actions/share/pkg_ros_actions/msg/msgTurtleGoal.msg, /home/avinash/catkin_ws/devel/share/pkg_ros_actions/msg/msgTurtleGoal.msg)
Linked: (/home/avinash/catkin_ws/devel/.private/pkg_ros_actions/share/pkg_ros_actions/msg/msgTurtleActionResult.msg, /home/avinash/catkin_ws/devel/share/pkg_ros_actions/msg/msgTurtleActionResult.msg)
Linked: (/home/avinash/catkin_ws/devel/.private/pkg_ros_actions/share/pkg_ros_actions/msg/msgTurtleFeedback.msg, /home/avinash/catkin_ws/devel/share/pkg_ros_actions/msg/msgTurtleFeedback.msg)
Linked: (/home/avinash/catkin_ws/devel/.private/pkg_ros_actions/share/pkg_ros_actions/msg/msgTurtleResult.msg, /home/avinash/catkin_ws/devel/share/pkg_ros_actions/msg/msgTurtleResult.msg)
Linked: (/home/avinash/catkin_ws/devel/.private/pkg_ros_actions/share/pkg_ros_actions/msg/msgTurtleActionGoal.msg, /home/avinash/catkin_ws/devel/share/pkg_ros_actions/msg/msgTurtleActionGoal.msg)
Linked: (/home/avinash/catkin_ws/devel/.private/pkg_ros_actions/share/pkg_ros_actions/cmake/pkg_ros_actions-msg-extras.cmake, /home/avinash/catkin_ws/devel/share/pkg_ros_actions/cmake/pkg_ros_actions-msg-extras.cmake)
Linked: (/home/avinash/catkin_ws/devel/.private/pkg_ros_actions/share/pkg_ros_actions/cmake/pkg_ros_actionsConfig.cmake, /home/avinash/catkin_ws/devel/share/pkg_ros_actions/cmake/pkg_ros_actionsConfig.cmake)
Linked: (/home/avinash/catkin_ws/devel/.private/pkg_ros_actions/share/pkg_ros_actions/cmake/pkg_ros_actionsConfig-version.cmake, /home/avinash/catkin_ws/devel/share/pkg_ros_actions/cmake/pkg_ros_actionsConfig-version.cmake)
Linked: (/home/avinash/catkin_ws/devel/.private/pkg_ros_actions/share/pkg_ros_actions/cmake/pkg_ros_actions-msg-paths.cmake, /home/avinash/catkin_ws/devel/share/pkg_ros_actions/cmake/pkg_ros_actions-msg-paths.cmake)
