[  0%] Built target actionlib_msgs_generate_messages_lisp
[  0%] Built target std_msgs_generate_messages_lisp
[  0%] Built target _pkg_ros_actions_generate_messages_check_deps_msgTurtleActionResult
[  0%] Built target _pkg_ros_actions_generate_messages_check_deps_msgTurtleActionFeedback
[  0%] Built target _pkg_ros_actions_generate_messages_check_deps_msgTurtleResult
[  0%] Built target _pkg_ros_actions_generate_messages_check_deps_msgTurtleActionGoal
[  0%] Built target std_msgs_generate_messages_py
[  0%] Built target actionlib_msgs_generate_messages_py
[  0%] Built target _pkg_ros_actions_generate_messages_check_deps_msgTurtleGoal
[  0%] Built target _pkg_ros_actions_generate_messages_check_deps_msgTurtleAction
[  0%] Built target std_msgs_generate_messages_eus
[  0%] Built target _pkg_ros_actions_generate_messages_check_deps_msgTurtleFeedback
[  0%] Built target actionlib_msgs_generate_messages_eus
[  0%] Built target std_msgs_generate_messages_nodejs
[  0%] Built target std_msgs_generate_messages_cpp
[  0%] Built target actionlib_msgs_generate_messages_nodejs
[ 18%] Built target pkg_ros_actions_generate_messages_lisp
[ 18%] Built target actionlib_msgs_generate_messages_cpp
[ 40%] Built target pkg_ros_actions_generate_messages_py
[ 62%] Built target pkg_ros_actions_generate_messages_eus
[ 81%] Built target pkg_ros_actions_generate_messages_nodejs
[100%] Built target pkg_ros_actions_generate_messages_cpp
[100%] Built target pkg_ros_actions_generate_messages
