Determining if the pthread_create exist failed with the following output:
Change Dir: /home/avinash/catkin_ws/build/pkg_task3/CMakeFiles/CMakeTmp

Run Build Command:"/usr/bin/make" "cmTC_ad66c/fast"
/usr/bin/make -f CMakeFiles/cmTC_ad66c.dir/build.make CMakeFiles/cmTC_ad66c.dir/build
make[1]: Entering directory '/home/avinash/catkin_ws/build/pkg_task3/CMakeFiles/CMakeTmp'
Building C object CMakeFiles/cmTC_ad66c.dir/CheckSymbolExists.c.o
/usr/bin/cc    -o CMakeFiles/cmTC_ad66c.dir/CheckSymbolExists.c.o   -c /home/avinash/catkin_ws/build/pkg_task3/CMakeFiles/CMakeTmp/CheckSymbolExists.c
Linking C executable cmTC_ad66c
/usr/bin/cmake -E cmake_link_script CMakeFiles/cmTC_ad66c.dir/link.txt --verbose=1
/usr/bin/cc      -rdynamic CMakeFiles/cmTC_ad66c.dir/CheckSymbolExists.c.o  -o cmTC_ad66c 
CMakeFiles/cmTC_ad66c.dir/CheckSymbolExists.c.o: In function `main':
CheckSymbolExists.c:(.text+0x1b): undefined reference to `pthread_create'
collect2: error: ld returned 1 exit status
CMakeFiles/cmTC_ad66c.dir/build.make:97: recipe for target 'cmTC_ad66c' failed
make[1]: *** [cmTC_ad66c] Error 1
make[1]: Leaving directory '/home/avinash/catkin_ws/build/pkg_task3/CMakeFiles/CMakeTmp'
Makefile:126: recipe for target 'cmTC_ad66c/fast' failed
make: *** [cmTC_ad66c/fast] Error 2

File /home/avinash/catkin_ws/build/pkg_task3/CMakeFiles/CMakeTmp/CheckSymbolExists.c:
/* */
#include <pthread.h>

int main(int argc, char** argv)
{
  (void)argv;
#ifndef pthread_create
  return ((int*)(&pthread_create))[argc];
#else
  (void)argc;
  return 0;
#endif
}

Determining if the function pthread_create exists in the pthreads failed with the following output:
Change Dir: /home/avinash/catkin_ws/build/pkg_task3/CMakeFiles/CMakeTmp

Run Build Command:"/usr/bin/make" "cmTC_fb733/fast"
/usr/bin/make -f CMakeFiles/cmTC_fb733.dir/build.make CMakeFiles/cmTC_fb733.dir/build
make[1]: Entering directory '/home/avinash/catkin_ws/build/pkg_task3/CMakeFiles/CMakeTmp'
Building C object CMakeFiles/cmTC_fb733.dir/CheckFunctionExists.c.o
/usr/bin/cc   -DCHECK_FUNCTION_EXISTS=pthread_create   -o CMakeFiles/cmTC_fb733.dir/CheckFunctionExists.c.o   -c /usr/share/cmake-3.10/Modules/CheckFunctionExists.c
Linking C executable cmTC_fb733
/usr/bin/cmake -E cmake_link_script CMakeFiles/cmTC_fb733.dir/link.txt --verbose=1
/usr/bin/cc  -DCHECK_FUNCTION_EXISTS=pthread_create    -rdynamic CMakeFiles/cmTC_fb733.dir/CheckFunctionExists.c.o  -o cmTC_fb733 -lpthreads 
/usr/bin/ld: cannot find -lpthreads
collect2: error: ld returned 1 exit status
CMakeFiles/cmTC_fb733.dir/build.make:97: recipe for target 'cmTC_fb733' failed
make[1]: *** [cmTC_fb733] Error 1
make[1]: Leaving directory '/home/avinash/catkin_ws/build/pkg_task3/CMakeFiles/CMakeTmp'
Makefile:126: recipe for target 'cmTC_fb733/fast' failed
make: *** [cmTC_fb733/fast] Error 2


