[  0%] Built target std_msgs_generate_messages_lisp
[  0%] Built target _pkg_ros_iot_bridge_generate_messages_check_deps_msgIotRosAction
[  0%] Built target actionlib_msgs_generate_messages_lisp
[  0%] Built target _pkg_ros_iot_bridge_generate_messages_check_deps_msgIotRosFeedback
[  0%] Built target _pkg_ros_iot_bridge_generate_messages_check_deps_msgIotRosActionFeedback
[  0%] Built target _pkg_ros_iot_bridge_generate_messages_check_deps_msgIotRosActionResult
[  0%] Built target _pkg_ros_iot_bridge_generate_messages_check_deps_msgMqttSub
[  0%] Built target _pkg_ros_iot_bridge_generate_messages_check_deps_msgIotRosActionGoal
[  0%] Built target std_msgs_generate_messages_py
[  0%] Built target _pkg_ros_iot_bridge_generate_messages_check_deps_msgIotRosGoal
[  0%] Built target actionlib_msgs_generate_messages_eus
[  0%] Built target std_msgs_generate_messages_eus
[  0%] Built target actionlib_msgs_generate_messages_py
[  0%] Built target _pkg_ros_iot_bridge_generate_messages_check_deps_msgIotRosResult
[  0%] Built target actionlib_msgs_generate_messages_nodejs
[  0%] Built target std_msgs_generate_messages_nodejs
[  0%] Built target std_msgs_generate_messages_cpp
[  0%] Built target actionlib_msgs_generate_messages_cpp
[ 19%] Built target pkg_ros_iot_bridge_generate_messages_lisp
[ 40%] Built target pkg_ros_iot_bridge_generate_messages_py
[ 61%] Built target pkg_ros_iot_bridge_generate_messages_eus
[ 80%] Built target pkg_ros_iot_bridge_generate_messages_nodejs
[100%] Built target pkg_ros_iot_bridge_generate_messages_cpp
[100%] Built target pkg_ros_iot_bridge_generate_messages
